<?xml version="1.0" encoding="UTF-8"?>
<robot generator="Robot 7.0 (Python 3.11.11 on darwin)" generated="2026-04-08T16:59:02.717260" rpa="false" schemaversion="5">
<suite id="s1" name="Test Standard" source="/Users/dominiquemereaux/code/TP-robotframework/stagiaire/tests/test_standard.robot">
<test id="s1-t1" name="Concatenation de deux chaînes de caractères" line="5">
<kw name="Catenate" owner="BuiltIn">
<msg time="2026-04-08T16:59:02.821235" level="INFO">${result} = Hello World</msg>
<var>${result}</var>
<arg>Hello</arg>
<arg>World</arg>
<doc>Catenates the given items together and returns the resulted string.</doc>
<status status="PASS" start="2026-04-08T16:59:02.821125" elapsed="0.000129"/>
</kw>
<kw name="Should Be Equal" owner="BuiltIn">
<msg time="2026-04-08T16:59:02.821482" level="FAIL">Hello World != HelloWorld</msg>
<arg>${result}</arg>
<arg>HelloWorld</arg>
<doc>Fails if the given objects are unequal.</doc>
<status status="FAIL" start="2026-04-08T16:59:02.821348" elapsed="0.000201">Hello World != HelloWorld</status>
</kw>
<doc>Teste la concaténation de deux chaînes de caractères.</doc>
<status status="FAIL" start="2026-04-08T16:59:02.820690" elapsed="0.000957">Hello World != HelloWorld</status>
</test>
<status status="FAIL" start="2026-04-08T16:59:02.719371" elapsed="0.102473"/>
</suite>
<statistics>
<total>
<stat pass="0" fail="1" skip="0">All Tests</stat>
</total>
<tag>
</tag>
<suite>
<stat pass="0" fail="1" skip="0" id="s1" name="Test Standard">Test Standard</stat>
</suite>
</statistics>
<errors>
</errors>
</robot>
